#
# A fatal error has been detected by the Java Runtime Environment:
#
#  EXCEPTION_ACCESS_VIOLATION (0xc0000005) at pc=0x000000c100000032, pid=7804, tid=9012
#
# JRE version: OpenJDK Runtime Environment Corretto-11.0.10.9.1 (11.0.10+9) (build 11.0.10+9-LTS)
# Java VM: OpenJDK 64-Bit Server VM Corretto-11.0.10.9.1 (11.0.10+9-LTS, mixed mode, tiered, compressed oops, g1 gc, windows-amd64)
# Problematic frame:
# C  0x000000c100000032
#
# No core dump will be written. Minidumps are not enabled by default on client versions of Windows
#
# If you would like to submit a bug report, please visit:
#   https://github.com/corretto/corretto-11/issues/
#

---------------  S U M M A R Y ------------

Command Line: -agentlib:jdwp=transport=dt_socket,address=127.0.0.1:53627,suspend=y,server=n -XX:TieredStopAtLevel=1 -Xverify:none -Dspring.output.ansi.enabled=always -Dcom.sun.management.jmxremote -Dspring.jmx.enabled=true -Dspring.liveBeansView.mbeanDomain -Dspring.application.admin.enabled=true -Dfile.encoding=UTF-8 com.kelompok1.dailyyou.DailyYouApplication

Host: Intel(R) Core(TM) i5-5300U CPU @ 2.30GHz, 4 cores, 7G,  Windows 10 , 64 bit Build 19041 (10.0.19041.928)
Time: Wed Apr 28 11:55:55 2021 SE Asia Standard Time elapsed time: 258.387170 seconds (0d 0h 4m 18s)

---------------  T H R E A D  ---------------

Current thread (0x000001d99fe88800):  GCTaskThread "GC Thread#1" [stack: 0x000000a476600000,0x000000a476700000] [id=9012]

Stack: [0x000000a476600000,0x000000a476700000],  sp=0x000000a4766ff2e8,  free space=1020k
Native frames: (J=compiled Java code, j=interpreted, Vv=VM code, C=native code)
C  0x000000c100000032


siginfo: EXCEPTION_ACCESS_VIOLATION (0xc0000005), data execution prevention violation at address 0x000000c100000032


Register to memory mapping:

RIP=0x000000c100000032 is an unknown value
RAX=0x000001d9a04fb5c0 is pointing into metadata
RBX=0x0000000088515cb4 is pointing into object: java.beans.MethodRef 
{0x0000000088515ca8} - klass: 'java/beans/MethodRef'
RCX=0x0000000100101808 is pointing into metadata
RDX=0x000000008dc59300 is an oop: 
[error occurred during error reporting (printing register info), id 0xc0000005, EXCEPTION_ACCESS_VIOLATION (0xc0000005) at pc=0x000001d9a04fc538]

Registers:
RAX=0x000001d9a04fb5c0, RBX=0x0000000088515cb4, RCX=0x0000000100101808, RDX=0x000000008dc59300
RSP=0x000000a4766ff2e8, RBP=0x000001d9a32cbb00, RSI=0x000001d9a32cbb00, RDI=0x0000000000000001
R8 =0x0000000000000000, R9 =0x0000000100101808, R10=0x0000000088515cb4, R11=0x000001d9a32cbc70
R12=0x0000000000000000, R13=0x00007ffada3e50d0, R14=0x000000008dc59300, R15=0x0000000000000005
RIP=0x000000c100000032, EFLAGS=0x0000000000010246

Top of Stack: (sp=0x000000a4766ff2e8)
0x000000a4766ff2e8:   00007ffad9e5ca9e 0000000088515c01
0x000000a4766ff2f8:   000001d9a32cbb00 0000000088515ca8
0x000000a4766ff308:   0000000000000080 0000000000000080
0x000000a4766ff318:   000001d9ffd5dbd0 00000029887a26f8
0x000000a4766ff328:   00007ffad9e3612e 000001d9a32cbb00
0x000000a4766ff338:   0000000000000040 000001d9ffcd2cb0
0x000000a4766ff348:   00007ffada3e50d0 0000000000000000
0x000000a4766ff358:   000001d9ffcd2c30 0000000000000100
0x000000a4766ff368:   00007ffad9e5b3e3 000001d9a32cbb00
0x000000a4766ff378:   000001d9ffcd2c00 000000000000000d
0x000000a4766ff388:   0000000088515cb4 0000000000000000
0x000000a4766ff398:   0000000088515cb5 000000a4766ff430
0x000000a4766ff3a8:   00007ffad9e43037 0000000000000100
0x000000a4766ff3b8:   0000000085742800 0000000000000100
0x000000a4766ff3c8:   000000a4766ff5d8 000000a4766ff5b0
0x000000a4766ff3d8:   000000000000000d 0000000000000000 

Instructions: (pc=0x000000c100000032)
0x000000c0ffffff32:   ?? ?? ?? ?? ?? ?? ?? ?? ?? ?? ?? ?? ?? ?? ?? ??
0x000000c0ffffff42:   ?? ?? ?? ?? ?? ?? ?? ?? ?? ?? ?? ?? ?? ?? ?? ??
0x000000c0ffffff52:   ?? ?? ?? ?? ?? ?? ?? ?? ?? ?? ?? ?? ?? ?? ?? ??
0x000000c0ffffff62:   ?? ?? ?? ?? ?? ?? ?? ?? ?? ?? ?? ?? ?? ?? ?? ??
0x000000c0ffffff72:   ?? ?? ?? ?? ?? ?? ?? ?? ?? ?? ?? ?? ?? ?? ?? ??
0x000000c0ffffff82:   ?? ?? ?? ?? ?? ?? ?? ?? ?? ?? ?? ?? ?? ?? ?? ??
0x000000c0ffffff92:   ?? ?? ?? ?? ?? ?? ?? ?? ?? ?? ?? ?? ?? ?? ?? ??
0x000000c0ffffffa2:   ?? ?? ?? ?? ?? ?? ?? ?? ?? ?? ?? ?? ?? ?? ?? ??
0x000000c0ffffffb2:   ?? ?? ?? ?? ?? ?? ?? ?? ?? ?? ?? ?? ?? ?? ?? ??
0x000000c0ffffffc2:   ?? ?? ?? ?? ?? ?? ?? ?? ?? ?? ?? ?? ?? ?? ?? ??
0x000000c0ffffffd2:   ?? ?? ?? ?? ?? ?? ?? ?? ?? ?? ?? ?? ?? ?? ?? ??
0x000000c0ffffffe2:   ?? ?? ?? ?? ?? ?? ?? ?? ?? ?? ?? ?? ?? ?? ?? ??
0x000000c0fffffff2:   ?? ?? ?? ?? ?? ?? ?? ?? ?? ?? ?? ?? ?? ?? ?? ??
0x000000c100000002:   ?? ?? ?? ?? ?? ?? ?? ?? ?? ?? ?? ?? ?? ?? ?? ??
0x000000c100000012:   ?? ?? ?? ?? ?? ?? ?? ?? ?? ?? ?? ?? ?? ?? ?? ??
0x000000c100000022:   ?? ?? ?? ?? ?? ?? ?? ?? ?? ?? ?? ?? ?? ?? ?? ??
0x000000c100000032:   ?? ?? ?? ?? ?? ?? ?? ?? ?? ?? ?? ?? ?? ?? ?? ??
0x000000c100000042:   ?? ?? ?? ?? ?? ?? ?? ?? ?? ?? ?? ?? ?? ?? ?? ??
0x000000c100000052:   ?? ?? ?? ?? ?? ?? ?? ?? ?? ?? ?? ?? ?? ?? ?? ??
0x000000c100000062:   ?? ?? ?? ?? ?? ?? ?? ?? ?? ?? ?? ?? ?? ?? ?? ??
0x000000c100000072:   ?? ?? ?? ?? ?? ?? ?? ?? ?? ?? ?? ?? ?? ?? ?? ??
0x000000c100000082:   ?? ?? ?? ?? ?? ?? ?? ?? ?? ?? ?? ?? ?? ?? ?? ??
0x000000c100000092:   ?? ?? ?? ?? ?? ?? ?? ?? ?? ?? ?? ?? ?? ?? ?? ??
0x000000c1000000a2:   ?? ?? ?? ?? ?? ?? ?? ?? ?? ?? ?? ?? ?? ?? ?? ??
0x000000c1000000b2:   ?? ?? ?? ?? ?? ?? ?? ?? ?? ?? ?? ?? ?? ?? ?? ??
0x000000c1000000c2:   ?? ?? ?? ?? ?? ?? ?? ?? ?? ?? ?? ?? ?? ?? ?? ??
0x000000c1000000d2:   ?? ?? ?? ?? ?? ?? ?? ?? ?? ?? ?? ?? ?? ?? ?? ??
0x000000c1000000e2:   ?? ?? ?? ?? ?? ?? ?? ?? ?? ?? ?? ?? ?? ?? ?? ??
0x000000c1000000f2:   ?? ?? ?? ?? ?? ?? ?? ?? ?? ?? ?? ?? ?? ?? ?? ??
0x000000c100000102:   ?? ?? ?? ?? ?? ?? ?? ?? ?? ?? ?? ?? ?? ?? ?? ??
0x000000c100000112:   ?? ?? ?? ?? ?? ?? ?? ?? ?? ?? ?? ?? ?? ?? ?? ??
0x000000c100000122:   ?? ?? ?? ?? ?? ?? ?? ?? ?? ?? ?? ?? ?? ?? ?? ?? 


Stack slot to memory mapping:
stack at sp + 0 slots: 0x00007ffad9e5ca9e jvm.dll
stack at sp + 1 slots: 0x0000000088515c01 is pointing into object: java.util.ArrayList 
{0x0000000088515c00} - klass: 'java/util/ArrayList'
stack at sp + 2 slots: 0x000001d9a32cbb00 points into unknown readable memory: 0x00007ffada3e45d8 | d8 45 3e da fa 7f 00 00
stack at sp + 3 slots: 0x0000000088515ca8 is an oop: java.beans.MethodRef 
{0x0000000088515ca8} - klass: 'java/beans/MethodRef'
stack at sp + 4 slots: 0x0000000000000080 is an unknown value
stack at sp + 5 slots: 0x0000000000000080 is an unknown value
stack at sp + 6 slots: 0x000001d9ffd5dbd0 points into unknown readable memory: 0x0000000000000009 | 09 00 00 00 00 00 00 00
stack at sp + 7 slots: 0x00000029887a26f8 is an unknown value


---------------  P R O C E S S  ---------------

Threads class SMR info:
_java_thread_list=0x000001d9a3592220, length=34, elements={
0x000001d99ec21800, 0x000001d99ec25000, 0x000001d99f5a2800, 0x000001d99ec2d000,
0x000001d99ec2f000, 0x000001d99ec33000, 0x000001d99ec36000, 0x000001d9ffd88000,
0x000001d99f743800, 0x000001d99f762800, 0x000001d99f763800, 0x000001d99fd97000,
0x000001d9a0c0a800, 0x000001d99ffd7800, 0x000001d99f60e800, 0x000001d99f60f000,
0x000001d9a00ec800, 0x000001d9a00eb800, 0x000001d9a2e3e800, 0x000001d9a2e40800,
0x000001d9a2e40000, 0x000001d9a2e45000, 0x000001d9a2e41800, 0x000001d9a2e3f000,
0x000001d9a2e45800, 0x000001d9a2e43000, 0x000001d9a2e44000, 0x000001d9a2e46800,
0x000001d9a2e47800, 0x000001d9a2e48000, 0x000001d9a2e42800, 0x000001d9a2e4a800,
0x000001d9a2e4b800, 0x000001d9a2e4c000
}

Java Threads: ( => current thread )
  0x000001d99ec21800 JavaThread "Reference Handler" daemon [_thread_blocked, id=19004, stack(0x000000a475800000,0x000000a475900000)]
  0x000001d99ec25000 JavaThread "Finalizer" daemon [_thread_blocked, id=22040, stack(0x000000a475900000,0x000000a475a00000)]
  0x000001d99f5a2800 JavaThread "Signal Dispatcher" daemon [_thread_blocked, id=6108, stack(0x000000a475a00000,0x000000a475b00000)]
  0x000001d99ec2d000 JavaThread "Attach Listener" daemon [_thread_blocked, id=6136, stack(0x000000a475b00000,0x000000a475c00000)]
  0x000001d99ec2f000 JavaThread "Service Thread" daemon [_thread_blocked, id=2028, stack(0x000000a475c00000,0x000000a475d00000)]
  0x000001d99ec33000 JavaThread "C1 CompilerThread0" daemon [_thread_blocked, id=14760, stack(0x000000a475d00000,0x000000a475e00000)]
  0x000001d99ec36000 JavaThread "Sweeper thread" daemon [_thread_blocked, id=20096, stack(0x000000a475e00000,0x000000a475f00000)]
  0x000001d9ffd88000 JavaThread "Common-Cleaner" daemon [_thread_blocked, id=20144, stack(0x000000a475f00000,0x000000a476000000)]
  0x000001d99f743800 JavaThread "JDWP Transport Listener: dt_socket" daemon [_thread_blocked, id=13600, stack(0x000000a476000000,0x000000a476100000)]
  0x000001d99f762800 JavaThread "JDWP Event Helper Thread" daemon [_thread_blocked, id=22332, stack(0x000000a476100000,0x000000a476200000)]
  0x000001d99f763800 JavaThread "JDWP Command Reader" daemon [_thread_in_native, id=20988, stack(0x000000a476200000,0x000000a476300000)]
  0x000001d99fd97000 JavaThread "RMI TCP Accept-0" daemon [_thread_in_native, id=5408, stack(0x000000a476300000,0x000000a476400000)]
  0x000001d9a0c0a800 JavaThread "RMI Scheduler(0)" daemon [_thread_blocked, id=9564, stack(0x000000a476c00000,0x000000a476d00000)]
  0x000001d99ffd7800 JavaThread "Catalina-utility-1" [_thread_blocked, id=5824, stack(0x000000a476d00000,0x000000a476e00000)]
  0x000001d99f60e800 JavaThread "Catalina-utility-2" [_thread_blocked, id=20116, stack(0x000000a476e00000,0x000000a476f00000)]
  0x000001d99f60f000 JavaThread "container-0" [_thread_blocked, id=11664, stack(0x000000a476f00000,0x000000a477000000)]
  0x000001d9a00ec800 JavaThread "PostgreSQL-JDBC-SharedTimer-1" daemon [_thread_blocked, id=20112, stack(0x000000a477100000,0x000000a477200000)]
  0x000001d9a00eb800 JavaThread "HikariPool-1 housekeeper" daemon [_thread_blocked, id=4992, stack(0x000000a477200000,0x000000a477300000)]
  0x000001d9a2e3e800 JavaThread "Live Reload Server" daemon [_thread_in_native, id=1336, stack(0x000000a477500000,0x000000a477600000)]
  0x000001d9a2e40800 JavaThread "File Watcher" daemon [_thread_blocked, id=19140, stack(0x000000a477400000,0x000000a477500000)]
  0x000001d9a2e40000 JavaThread "http-nio-1111-BlockPoller" daemon [_thread_in_native, id=19248, stack(0x000000a477600000,0x000000a477700000)]
  0x000001d9a2e45000 JavaThread "http-nio-1111-exec-1" daemon [_thread_blocked, id=16140, stack(0x000000a477700000,0x000000a477800000)]
  0x000001d9a2e41800 JavaThread "http-nio-1111-exec-2" daemon [_thread_blocked, id=19208, stack(0x000000a477800000,0x000000a477900000)]
  0x000001d9a2e3f000 JavaThread "http-nio-1111-exec-3" daemon [_thread_blocked, id=14656, stack(0x000000a477900000,0x000000a477a00000)]
  0x000001d9a2e45800 JavaThread "http-nio-1111-exec-4" daemon [_thread_blocked, id=20840, stack(0x000000a477a00000,0x000000a477b00000)]
  0x000001d9a2e43000 JavaThread "http-nio-1111-exec-5" daemon [_thread_blocked, id=21320, stack(0x000000a477b00000,0x000000a477c00000)]
  0x000001d9a2e44000 JavaThread "http-nio-1111-exec-6" daemon [_thread_blocked, id=19612, stack(0x000000a477c00000,0x000000a477d00000)]
  0x000001d9a2e46800 JavaThread "http-nio-1111-exec-7" daemon [_thread_blocked, id=6492, stack(0x000000a477d00000,0x000000a477e00000)]
  0x000001d9a2e47800 JavaThread "http-nio-1111-exec-8" daemon [_thread_blocked, id=4280, stack(0x000000a477e00000,0x000000a477f00000)]
  0x000001d9a2e48000 JavaThread "http-nio-1111-exec-9" daemon [_thread_blocked, id=19448, stack(0x000000a477f00000,0x000000a478000000)]
  0x000001d9a2e42800 JavaThread "http-nio-1111-exec-10" daemon [_thread_blocked, id=18568, stack(0x000000a478000000,0x000000a478100000)]
  0x000001d9a2e4a800 JavaThread "http-nio-1111-ClientPoller" daemon [_thread_in_native, id=15376, stack(0x000000a478100000,0x000000a478200000)]
  0x000001d9a2e4b800 JavaThread "http-nio-1111-Acceptor" daemon [_thread_in_native, id=14124, stack(0x000000a478200000,0x000000a478300000)]
  0x000001d9a2e4c000 JavaThread "DestroyJavaVM" [_thread_blocked, id=6516, stack(0x000000a475100000,0x000000a475200000)]

Other Threads:
  0x000001d99ebe8800 VMThread "VM Thread" [stack: 0x000000a475700000,0x000000a475800000] [id=14044]
  0x000001d99fdb4000 WatcherThread [stack: 0x000000a476400000,0x000000a476500000] [id=16928]
  0x000001d9ffcd1800 GCTaskThread "GC Thread#0" [stack: 0x000000a475200000,0x000000a475300000] [id=2704]
=>0x000001d99fe88800 GCTaskThread "GC Thread#1" [stack: 0x000000a476600000,0x000000a476700000] [id=9012]
  0x000001d9a0ab8000 GCTaskThread "GC Thread#2" [stack: 0x000000a476900000,0x000000a476a00000] [id=7364]
  0x000001d9a0bb0000 GCTaskThread "GC Thread#3" [stack: 0x000000a476a00000,0x000000a476b00000] [id=10180]
  0x000001d9ffd00000 ConcurrentGCThread "G1 Main Marker" [stack: 0x000000a475300000,0x000000a475400000] [id=7612]
  0x000001d9ffd01800 ConcurrentGCThread "G1 Conc#0" [stack: 0x000000a475400000,0x000000a475500000] [id=19476]
  0x000001d9ffd80000 ConcurrentGCThread "G1 Refine#0" [stack: 0x000000a475500000,0x000000a475600000] [id=21788]
  0x000001d99f88f800 ConcurrentGCThread "G1 Refine#1" [stack: 0x000000a476500000,0x000000a476600000] [id=8224]
  0x000001d9ffd81000 ConcurrentGCThread "G1 Young RemSet Sampling" [stack: 0x000000a475600000,0x000000a475700000] [id=20284]

Threads with active compile tasks:

VM state:at safepoint (normal execution)

VM Mutex/Monitor currently owned by a thread:  ([mutex/lock_event])
[0x000001d9ffcb6c30] Threads_lock - owner thread: 0x000001d99ebe8800
[0x000001d9ffcb6570] Heap_lock - owner thread: 0x000001d9a2e40800

Heap address: 0x0000000084a00000, size: 1974 MB, Compressed Oops mode: 32-bit
Narrow klass base: 0x0000000000000000, Narrow klass shift: 3
Compressed class space size: 1073741824 Address: 0x0000000100000000

Heap:
 garbage-first heap   total 183296K, used 134220K [0x0000000084a00000, 0x0000000100000000)
  region size 1024K, 110 young (112640K), 13 survivors (13312K)
 Metaspace       used 69608K, capacity 71814K, committed 71944K, reserved 1112064K
  class space    used 8974K, capacity 9879K, committed 9984K, reserved 1048576K
Heap Regions: E=young(eden), S=young(survivor), O=old, HS=humongous(starts), HC=humongous(continues), CS=collection set, F=free, A=archive, TAMS=top-at-mark-start (previous, next)
|   0|0x0000000084a00000, 0x0000000084b00000, 0x0000000084b00000|100%|HS|  |TAMS 0x0000000084b00000, 0x0000000084a00000| Complete 
|   1|0x0000000084b00000, 0x0000000084c00000, 0x0000000084c00000|100%| O|  |TAMS 0x0000000084c00000, 0x0000000084b00000| Untracked 
|   2|0x0000000084c00000, 0x0000000084d00000, 0x0000000084d00000|100%| O|  |TAMS 0x0000000084d00000, 0x0000000084c00000| Untracked 
|   3|0x0000000084d00000, 0x0000000084e00000, 0x0000000084e00000|100%| O|  |TAMS 0x0000000084e00000, 0x0000000084d00000| Untracked 
|   4|0x0000000084e00000, 0x0000000084f00000, 0x0000000084f00000|100%| O|  |TAMS 0x0000000084f00000, 0x0000000084e00000| Untracked 
|   5|0x0000000084f00000, 0x0000000085000000, 0x0000000085000000|100%| O|  |TAMS 0x0000000085000000, 0x0000000084f00000| Untracked 
|   6|0x0000000085000000, 0x0000000085100000, 0x0000000085100000|100%| O|  |TAMS 0x0000000085100000, 0x0000000085000000| Untracked 
|   7|0x0000000085100000, 0x0000000085200000, 0x0000000085200000|100%| O|  |TAMS 0x0000000085200000, 0x0000000085100000| Untracked 
|   8|0x0000000085200000, 0x0000000085300000, 0x0000000085300000|100%| O|  |TAMS 0x0000000085300000, 0x0000000085200000| Untracked 
|   9|0x0000000085300000, 0x0000000085400000, 0x0000000085400000|100%| O|  |TAMS 0x0000000085400000, 0x0000000085300000| Untracked 
|  10|0x0000000085400000, 0x0000000085500000, 0x0000000085500000|100%| O|  |TAMS 0x0000000085500000, 0x0000000085400000| Untracked 
|  11|0x0000000085500000, 0x0000000085600000, 0x0000000085600000|100%| O|  |TAMS 0x0000000085600000, 0x0000000085500000| Untracked 
|  12|0x0000000085600000, 0x0000000085700000, 0x0000000085700000|100%| O|  |TAMS 0x0000000085700000, 0x0000000085600000| Untracked 
|  13|0x0000000085700000, 0x0000000085800000, 0x0000000085800000|100%| O|  |TAMS 0x0000000085800000, 0x0000000085700000| Untracked 
|  14|0x0000000085800000, 0x0000000085900000, 0x0000000085900000|100%| O|  |TAMS 0x0000000085900000, 0x0000000085800000| Untracked 
|  15|0x0000000085900000, 0x0000000085a00000, 0x0000000085a00000|100%| O|  |TAMS 0x0000000085a00000, 0x0000000085900000| Untracked 
|  16|0x0000000085a00000, 0x0000000085b00000, 0x0000000085b00000|100%| O|  |TAMS 0x0000000085b00000, 0x0000000085a00000| Untracked 
|  17|0x0000000085b00000, 0x0000000085c00000, 0x0000000085c00000|100%| O|  |TAMS 0x0000000085be1400, 0x0000000085b00000| Untracked 
|  18|0x0000000085c00000, 0x0000000085d00000, 0x0000000085d00000|100%| O|  |TAMS 0x0000000085c00000, 0x0000000085c00000| Untracked 
|  19|0x0000000085d00000, 0x0000000085e00000, 0x0000000085e00000|100%| O|  |TAMS 0x0000000085d00000, 0x0000000085d00000| Untracked 
|  20|0x0000000085e00000, 0x0000000085f00000, 0x0000000085f00000|100%| O|  |TAMS 0x0000000085e00000, 0x0000000085e00000| Untracked 
|  21|0x0000000085f00000, 0x0000000086000000, 0x0000000086000000|100%| O|  |TAMS 0x0000000085f00000, 0x0000000085f00000| Untracked 
|  22|0x0000000086000000, 0x0000000086100000, 0x0000000086100000|100%|HS|  |TAMS 0x0000000086000000, 0x0000000086000000| Complete 
|  23|0x0000000086100000, 0x0000000086200000, 0x0000000086200000|100%|HS|  |TAMS 0x0000000086100000, 0x0000000086100000| Complete 
|  24|0x0000000086200000, 0x0000000086300000, 0x0000000086300000|100%|HC|  |TAMS 0x0000000086200000, 0x0000000086200000| Complete 
|  25|0x0000000086300000, 0x0000000086400000, 0x0000000086400000|100%| O|  |TAMS 0x0000000086300000, 0x0000000086300000| Untracked 
|  26|0x0000000086400000, 0x0000000086500000, 0x0000000086500000|100%| O|  |TAMS 0x0000000086400000, 0x0000000086400000| Untracked 
|  27|0x0000000086500000, 0x0000000086544420, 0x0000000086600000| 26%| O|  |TAMS 0x0000000086500000, 0x0000000086500000| Untracked 
|  28|0x0000000086600000, 0x0000000086600000, 0x0000000086700000|  0%| F|  |TAMS 0x0000000086600000, 0x0000000086600000| Untracked 
|  29|0x0000000086700000, 0x0000000086700000, 0x0000000086800000|  0%| F|  |TAMS 0x0000000086700000, 0x0000000086700000| Untracked 
|  30|0x0000000086800000, 0x0000000086800000, 0x0000000086900000|  0%| F|  |TAMS 0x0000000086800000, 0x0000000086800000| Untracked 
|  31|0x0000000086900000, 0x0000000086900000, 0x0000000086a00000|  0%| F|  |TAMS 0x0000000086900000, 0x0000000086900000| Untracked 
|  32|0x0000000086a00000, 0x0000000086a00000, 0x0000000086b00000|  0%| F|  |TAMS 0x0000000086a00000, 0x0000000086a00000| Untracked 
|  33|0x0000000086b00000, 0x0000000086b00000, 0x0000000086c00000|  0%| F|  |TAMS 0x0000000086b00000, 0x0000000086b00000| Untracked 
|  34|0x0000000086c00000, 0x0000000086c00000, 0x0000000086d00000|  0%| F|  |TAMS 0x0000000086c00000, 0x0000000086c00000| Untracked 
|  35|0x0000000086d00000, 0x0000000086d00000, 0x0000000086e00000|  0%| F|  |TAMS 0x0000000086d00000, 0x0000000086d00000| Untracked 
|  36|0x0000000086e00000, 0x0000000086e00000, 0x0000000086f00000|  0%| F|  |TAMS 0x0000000086e00000, 0x0000000086e00000| Untracked 
|  37|0x0000000086f00000, 0x0000000086f00000, 0x0000000087000000|  0%| F|  |TAMS 0x0000000086f00000, 0x0000000086f00000| Untracked 
|  38|0x0000000087000000, 0x0000000087000000, 0x0000000087100000|  0%| F|  |TAMS 0x0000000087000000, 0x0000000087000000| Untracked 
|  39|0x0000000087100000, 0x0000000087100000, 0x0000000087200000|  0%| F|  |TAMS 0x0000000087100000, 0x0000000087100000| Untracked 
|  40|0x0000000087200000, 0x0000000087200000, 0x0000000087300000|  0%| F|  |TAMS 0x0000000087200000, 0x0000000087200000| Untracked 
|  41|0x0000000087300000, 0x0000000087300000, 0x0000000087400000|  0%| F|  |TAMS 0x0000000087300000, 0x0000000087300000| Untracked 
|  42|0x0000000087400000, 0x0000000087400000, 0x0000000087500000|  0%| F|  |TAMS 0x0000000087400000, 0x0000000087400000| Untracked 
|  43|0x0000000087500000, 0x0000000087500000, 0x0000000087600000|  0%| F|  |TAMS 0x0000000087500000, 0x0000000087500000| Untracked 
|  44|0x0000000087600000, 0x0000000087600000, 0x0000000087700000|  0%| F|  |TAMS 0x0000000087600000, 0x0000000087600000| Untracked 
|  45|0x0000000087700000, 0x0000000087700000, 0x0000000087800000|  0%| F|  |TAMS 0x0000000087700000, 0x0000000087700000| Untracked 
|  46|0x0000000087800000, 0x0000000087800000, 0x0000000087900000|  0%| F|  |TAMS 0x0000000087800000, 0x0000000087800000| Untracked 
|  47|0x0000000087900000, 0x0000000087900000, 0x0000000087a00000|  0%| F|  |TAMS 0x0000000087900000, 0x0000000087900000| Untracked 
|  48|0x0000000087a00000, 0x0000000087a00000, 0x0000000087b00000|  0%| F|  |TAMS 0x0000000087a00000, 0x0000000087a00000| Untracked 
|  49|0x0000000087b00000, 0x0000000087b00000, 0x0000000087c00000|  0%| F|  |TAMS 0x0000000087b00000, 0x0000000087b00000| Untracked 
|  50|0x0000000087c00000, 0x0000000087c00000, 0x0000000087d00000|  0%| F|  |TAMS 0x0000000087c00000, 0x0000000087c00000| Untracked 
|  51|0x0000000087d00000, 0x0000000087d00000, 0x0000000087e00000|  0%| F|  |TAMS 0x0000000087d00000, 0x0000000087d00000| Untracked 
|  52|0x0000000087e00000, 0x0000000087e00000, 0x0000000087f00000|  0%| F|  |TAMS 0x0000000087e00000, 0x0000000087e00000| Untracked 
|  53|0x0000000087f00000, 0x0000000087f00000, 0x0000000088000000|  0%| F|  |TAMS 0x0000000087f00000, 0x0000000087f00000| Untracked 
|  54|0x0000000088000000, 0x0000000088000000, 0x0000000088100000|  0%| F|  |TAMS 0x0000000088000000, 0x0000000088000000| Untracked 
|  55|0x0000000088100000, 0x0000000088100000, 0x0000000088200000|  0%| F|  |TAMS 0x0000000088100000, 0x0000000088100000| Untracked 
|  56|0x0000000088200000, 0x0000000088200000, 0x0000000088300000|  0%| F|  |TAMS 0x0000000088200000, 0x0000000088200000| Untracked 
|  57|0x0000000088300000, 0x0000000088300000, 0x0000000088400000|  0%| F|  |TAMS 0x0000000088300000, 0x0000000088300000| Untracked 
|  58|0x0000000088400000, 0x0000000088400000, 0x0000000088500000|  0%| F|  |TAMS 0x0000000088400000, 0x0000000088400000| Untracked 
|  59|0x0000000088500000, 0x00000000885d9b30, 0x0000000088600000| 85%| S|  |TAMS 0x0000000088500000, 0x0000000088500000| Complete 
|  60|0x0000000088600000, 0x0000000088700000, 0x0000000088700000|100%| S|  |TAMS 0x0000000088600000, 0x0000000088600000| Complete 
|  61|0x0000000088700000, 0x0000000088800000, 0x0000000088800000|100%| S|  |TAMS 0x0000000088700000, 0x0000000088700000| Complete 
|  62|0x0000000088800000, 0x00000000888c71f0, 0x0000000088900000| 77%| E|CS|TAMS 0x0000000088800000, 0x0000000088800000| Complete 
|  63|0x0000000088900000, 0x0000000088a00000, 0x0000000088a00000|100%| E|CS|TAMS 0x0000000088900000, 0x0000000088900000| Complete 
|  64|0x0000000088a00000, 0x0000000088b00000, 0x0000000088b00000|100%| E|CS|TAMS 0x0000000088a00000, 0x0000000088a00000| Complete 
|  65|0x0000000088b00000, 0x0000000088c00000, 0x0000000088c00000|100%| E|CS|TAMS 0x0000000088b00000, 0x0000000088b00000| Complete 
|  66|0x0000000088c00000, 0x0000000088d00000, 0x0000000088d00000|100%| E|CS|TAMS 0x0000000088c00000, 0x0000000088c00000| Complete 
|  67|0x0000000088d00000, 0x0000000088e00000, 0x0000000088e00000|100%| E|CS|TAMS 0x0000000088d00000, 0x0000000088d00000| Complete 
|  68|0x0000000088e00000, 0x0000000088f00000, 0x0000000088f00000|100%| E|CS|TAMS 0x0000000088e00000, 0x0000000088e00000| Complete 
|  69|0x0000000088f00000, 0x0000000089000000, 0x0000000089000000|100%| E|CS|TAMS 0x0000000088f00000, 0x0000000088f00000| Complete 
|  70|0x0000000089000000, 0x0000000089100000, 0x0000000089100000|100%| E|CS|TAMS 0x0000000089000000, 0x0000000089000000| Complete 
|  71|0x0000000089100000, 0x0000000089200000, 0x0000000089200000|100%| E|CS|TAMS 0x0000000089100000, 0x0000000089100000| Complete 
|  72|0x0000000089200000, 0x0000000089300000, 0x0000000089300000|100%| S|  |TAMS 0x0000000089200000, 0x0000000089200000| Complete 
|  73|0x0000000089300000, 0x0000000089400000, 0x0000000089400000|100%| S|  |TAMS 0x0000000089300000, 0x0000000089300000| Complete 
|  74|0x0000000089400000, 0x0000000089500000, 0x0000000089500000|100%| S|  |TAMS 0x0000000089400000, 0x0000000089400000| Complete 
|  75|0x0000000089500000, 0x0000000089600000, 0x0000000089600000|100%| S|  |TAMS 0x0000000089500000, 0x0000000089500000| Complete 
|  76|0x0000000089600000, 0x0000000089700000, 0x0000000089700000|100%| S|  |TAMS 0x0000000089600000, 0x0000000089600000| Complete 
|  77|0x0000000089700000, 0x0000000089800000, 0x0000000089800000|100%| S|  |TAMS 0x0000000089700000, 0x0000000089700000| Complete 
|  78|0x0000000089800000, 0x0000000089900000, 0x0000000089900000|100%| S|  |TAMS 0x0000000089800000, 0x0000000089800000| Complete 
|  79|0x0000000089900000, 0x0000000089a00000, 0x0000000089a00000|100%| S|  |TAMS 0x0000000089900000, 0x0000000089900000| Complete 
|  80|0x0000000089a00000, 0x0000000089b00000, 0x0000000089b00000|100%| S|  |TAMS 0x0000000089a00000, 0x0000000089a00000| Complete 
|  81|0x0000000089b00000, 0x0000000089c00000, 0x0000000089c00000|100%| S|  |TAMS 0x0000000089b00000, 0x0000000089b00000| Complete 
|  82|0x0000000089c00000, 0x0000000089d00000, 0x0000000089d00000|100%| E|CS|TAMS 0x0000000089c00000, 0x0000000089c00000| Complete 
|  83|0x0000000089d00000, 0x0000000089e00000, 0x0000000089e00000|100%| E|CS|TAMS 0x0000000089d00000, 0x0000000089d00000| Complete 
|  84|0x0000000089e00000, 0x0000000089f00000, 0x0000000089f00000|100%| E|CS|TAMS 0x0000000089e00000, 0x0000000089e00000| Complete 
|  85|0x0000000089f00000, 0x000000008a000000, 0x000000008a000000|100%| E|CS|TAMS 0x0000000089f00000, 0x0000000089f00000| Complete 
|  86|0x000000008a000000, 0x000000008a100000, 0x000000008a100000|100%| E|CS|TAMS 0x000000008a000000, 0x000000008a000000| Complete 
|  87|0x000000008a100000, 0x000000008a200000, 0x000000008a200000|100%| E|CS|TAMS 0x000000008a100000, 0x000000008a100000| Complete 
|  88|0x000000008a200000, 0x000000008a300000, 0x000000008a300000|100%| E|CS|TAMS 0x000000008a200000, 0x000000008a200000| Complete 
|  89|0x000000008a300000, 0x000000008a400000, 0x000000008a400000|100%| E|CS|TAMS 0x000000008a300000, 0x000000008a300000| Complete 
|  90|0x000000008a400000, 0x000000008a500000, 0x000000008a500000|100%| E|CS|TAMS 0x000000008a400000, 0x000000008a400000| Complete 
|  91|0x000000008a500000, 0x000000008a600000, 0x000000008a600000|100%| E|CS|TAMS 0x000000008a500000, 0x000000008a500000| Complete 
|  92|0x000000008a600000, 0x000000008a700000, 0x000000008a700000|100%| E|CS|TAMS 0x000000008a600000, 0x000000008a600000| Complete 
|  93|0x000000008a700000, 0x000000008a800000, 0x000000008a800000|100%| E|CS|TAMS 0x000000008a700000, 0x000000008a700000| Complete 
|  94|0x000000008a800000, 0x000000008a900000, 0x000000008a900000|100%| E|CS|TAMS 0x000000008a800000, 0x000000008a800000| Complete 
|  95|0x000000008a900000, 0x000000008aa00000, 0x000000008aa00000|100%| E|CS|TAMS 0x000000008a900000, 0x000000008a900000| Complete 
|  96|0x000000008aa00000, 0x000000008ab00000, 0x000000008ab00000|100%| E|CS|TAMS 0x000000008aa00000, 0x000000008aa00000| Complete 
|  97|0x000000008ab00000, 0x000000008ac00000, 0x000000008ac00000|100%| E|CS|TAMS 0x000000008ab00000, 0x000000008ab00000| Complete 
|  98|0x000000008ac00000, 0x000000008ad00000, 0x000000008ad00000|100%| E|CS|TAMS 0x000000008ac00000, 0x000000008ac00000| Complete 
|  99|0x000000008ad00000, 0x000000008ae00000, 0x000000008ae00000|100%| E|CS|TAMS 0x000000008ad00000, 0x000000008ad00000| Complete 
| 100|0x000000008ae00000, 0x000000008af00000, 0x000000008af00000|100%| E|CS|TAMS 0x000000008ae00000, 0x000000008ae00000| Complete 
| 101|0x000000008af00000, 0x000000008b000000, 0x000000008b000000|100%| E|CS|TAMS 0x000000008af00000, 0x000000008af00000| Complete 
| 102|0x000000008b000000, 0x000000008b100000, 0x000000008b100000|100%| E|CS|TAMS 0x000000008b000000, 0x000000008b000000| Complete 
| 103|0x000000008b100000, 0x000000008b200000, 0x000000008b200000|100%| E|CS|TAMS 0x000000008b100000, 0x000000008b100000| Complete 
| 104|0x000000008b200000, 0x000000008b300000, 0x000000008b300000|100%| E|CS|TAMS 0x000000008b200000, 0x000000008b200000| Complete 
| 105|0x000000008b300000, 0x000000008b400000, 0x000000008b400000|100%| E|CS|TAMS 0x000000008b300000, 0x000000008b300000| Complete 
| 106|0x000000008b400000, 0x000000008b500000, 0x000000008b500000|100%| E|CS|TAMS 0x000000008b400000, 0x000000008b400000| Complete 
| 107|0x000000008b500000, 0x000000008b600000, 0x000000008b600000|100%| E|CS|TAMS 0x000000008b500000, 0x000000008b500000| Complete 
| 108|0x000000008b600000, 0x000000008b700000, 0x000000008b700000|100%| E|CS|TAMS 0x000000008b600000, 0x000000008b600000| Complete 
| 109|0x000000008b700000, 0x000000008b800000, 0x000000008b800000|100%| E|CS|TAMS 0x000000008b700000, 0x000000008b700000| Complete 
| 110|0x000000008b800000, 0x000000008b900000, 0x000000008b900000|100%| E|CS|TAMS 0x000000008b800000, 0x000000008b800000| Complete 
| 111|0x000000008b900000, 0x000000008ba00000, 0x000000008ba00000|100%| E|CS|TAMS 0x000000008b900000, 0x000000008b900000| Complete 
| 112|0x000000008ba00000, 0x000000008bb00000, 0x000000008bb00000|100%| E|CS|TAMS 0x000000008ba00000, 0x000000008ba00000| Complete 
| 113|0x000000008bb00000, 0x000000008bc00000, 0x000000008bc00000|100%| E|CS|TAMS 0x000000008bb00000, 0x000000008bb00000| Complete 
| 114|0x000000008bc00000, 0x000000008bd00000, 0x000000008bd00000|100%| E|CS|TAMS 0x000000008bc00000, 0x000000008bc00000| Complete 
| 115|0x000000008bd00000, 0x000000008be00000, 0x000000008be00000|100%| E|CS|TAMS 0x000000008bd00000, 0x000000008bd00000| Complete 
| 116|0x000000008be00000, 0x000000008bf00000, 0x000000008bf00000|100%| E|CS|TAMS 0x000000008be00000, 0x000000008be00000| Complete 
| 117|0x000000008bf00000, 0x000000008c000000, 0x000000008c000000|100%| E|CS|TAMS 0x000000008bf00000, 0x000000008bf00000| Complete 
| 118|0x000000008c000000, 0x000000008c100000, 0x000000008c100000|100%| E|CS|TAMS 0x000000008c000000, 0x000000008c000000| Complete 
| 119|0x000000008c100000, 0x000000008c200000, 0x000000008c200000|100%| E|CS|TAMS 0x000000008c100000, 0x000000008c100000| Complete 
| 120|0x000000008c200000, 0x000000008c300000, 0x000000008c300000|100%| E|CS|TAMS 0x000000008c200000, 0x000000008c200000| Complete 
| 121|0x000000008c300000, 0x000000008c400000, 0x000000008c400000|100%| E|CS|TAMS 0x000000008c300000, 0x000000008c300000| Complete 
| 122|0x000000008c400000, 0x000000008c500000, 0x000000008c500000|100%| E|CS|TAMS 0x000000008c400000, 0x000000008c400000| Complete 
| 123|0x000000008c500000, 0x000000008c600000, 0x000000008c600000|100%| E|CS|TAMS 0x000000008c500000, 0x000000008c500000| Complete 
| 124|0x000000008c600000, 0x000000008c700000, 0x000000008c700000|100%| E|CS|TAMS 0x000000008c600000, 0x000000008c600000| Complete 
| 125|0x000000008c700000, 0x000000008c800000, 0x000000008c800000|100%| E|CS|TAMS 0x000000008c700000, 0x000000008c700000| Complete 
| 126|0x000000008c800000, 0x000000008c900000, 0x000000008c900000|100%| E|CS|TAMS 0x000000008c800000, 0x000000008c800000| Complete 
| 127|0x000000008c900000, 0x000000008ca00000, 0x000000008ca00000|100%| E|CS|TAMS 0x000000008c900000, 0x000000008c900000| Complete 
| 128|0x000000008ca00000, 0x000000008cb00000, 0x000000008cb00000|100%| E|CS|TAMS 0x000000008ca00000, 0x000000008ca00000| Complete 
| 129|0x000000008cb00000, 0x000000008cc00000, 0x000000008cc00000|100%| E|CS|TAMS 0x000000008cb00000, 0x000000008cb00000| Complete 
| 130|0x000000008cc00000, 0x000000008cd00000, 0x000000008cd00000|100%| E|CS|TAMS 0x000000008cc00000, 0x000000008cc00000| Complete 
| 131|0x000000008cd00000, 0x000000008ce00000, 0x000000008ce00000|100%| E|CS|TAMS 0x000000008cd00000, 0x000000008cd00000| Complete 
| 132|0x000000008ce00000, 0x000000008cf00000, 0x000000008cf00000|100%| E|CS|TAMS 0x000000008ce00000, 0x000000008ce00000| Complete 
| 133|0x000000008cf00000, 0x000000008d000000, 0x000000008d000000|100%| E|CS|TAMS 0x000000008cf00000, 0x000000008cf00000| Complete 
| 134|0x000000008d000000, 0x000000008d100000, 0x000000008d100000|100%| E|CS|TAMS 0x000000008d000000, 0x000000008d000000| Complete 
| 135|0x000000008d100000, 0x000000008d200000, 0x000000008d200000|100%| E|CS|TAMS 0x000000008d100000, 0x000000008d100000| Complete 
| 136|0x000000008d200000, 0x000000008d300000, 0x000000008d300000|100%| E|CS|TAMS 0x000000008d200000, 0x000000008d200000| Complete 
| 137|0x000000008d300000, 0x000000008d400000, 0x000000008d400000|100%| E|CS|TAMS 0x000000008d300000, 0x000000008d300000| Complete 
| 138|0x000000008d400000, 0x000000008d500000, 0x000000008d500000|100%| E|CS|TAMS 0x000000008d400000, 0x000000008d400000| Complete 
| 139|0x000000008d500000, 0x000000008d600000, 0x000000008d600000|100%| E|CS|TAMS 0x000000008d500000, 0x000000008d500000| Complete 
| 140|0x000000008d600000, 0x000000008d700000, 0x000000008d700000|100%| E|CS|TAMS 0x000000008d600000, 0x000000008d600000| Complete 
| 141|0x000000008d700000, 0x000000008d800000, 0x000000008d800000|100%| E|CS|TAMS 0x000000008d700000, 0x000000008d700000| Complete 
| 142|0x000000008d800000, 0x000000008d900000, 0x000000008d900000|100%| E|CS|TAMS 0x000000008d800000, 0x000000008d800000| Complete 
| 143|0x000000008d900000, 0x000000008da00000, 0x000000008da00000|100%| E|CS|TAMS 0x000000008d900000, 0x000000008d900000| Complete 
| 144|0x000000008da00000, 0x000000008db00000, 0x000000008db00000|100%| E|CS|TAMS 0x000000008da00000, 0x000000008da00000| Complete 
| 145|0x000000008db00000, 0x000000008dc00000, 0x000000008dc00000|100%| E|CS|TAMS 0x000000008db00000, 0x000000008db00000| Complete 
| 146|0x000000008dc00000, 0x000000008dd00000, 0x000000008dd00000|100%| E|CS|TAMS 0x000000008dc00000, 0x000000008dc00000| Complete 
| 147|0x000000008dd00000, 0x000000008de00000, 0x000000008de00000|100%| E|CS|TAMS 0x000000008dd00000, 0x000000008dd00000| Complete 
| 148|0x000000008de00000, 0x000000008df00000, 0x000000008df00000|100%| E|CS|TAMS 0x000000008de00000, 0x000000008de00000| Complete 
| 149|0x000000008df00000, 0x000000008e000000, 0x000000008e000000|100%| E|CS|TAMS 0x000000008df00000, 0x000000008df00000| Complete 
| 150|0x000000008e000000, 0x000000008e100000, 0x000000008e100000|100%| E|CS|TAMS 0x000000008e000000, 0x000000008e000000| Complete 
| 151|0x000000008e100000, 0x000000008e200000, 0x000000008e200000|100%| E|CS|TAMS 0x000000008e100000, 0x000000008e100000| Complete 
| 152|0x000000008e200000, 0x000000008e300000, 0x000000008e300000|100%| E|CS|TAMS 0x000000008e200000, 0x000000008e200000| Complete 
| 153|0x000000008e300000, 0x000000008e400000, 0x000000008e400000|100%| E|CS|TAMS 0x000000008e300000, 0x000000008e300000| Complete 
| 154|0x000000008e400000, 0x000000008e500000, 0x000000008e500000|100%| E|CS|TAMS 0x000000008e400000, 0x000000008e400000| Complete 
| 155|0x000000008e500000, 0x000000008e600000, 0x000000008e600000|100%| E|CS|TAMS 0x000000008e500000, 0x000000008e500000| Complete 
| 156|0x000000008e600000, 0x000000008e700000, 0x000000008e700000|100%| E|CS|TAMS 0x000000008e600000, 0x000000008e600000| Complete 
| 157|0x000000008e700000, 0x000000008e800000, 0x000000008e800000|100%| E|CS|TAMS 0x000000008e700000, 0x000000008e700000| Complete 
| 158|0x000000008e800000, 0x000000008e900000, 0x000000008e900000|100%| E|CS|TAMS 0x000000008e800000, 0x000000008e800000| Complete 
| 159|0x000000008e900000, 0x000000008ea00000, 0x000000008ea00000|100%| E|CS|TAMS 0x000000008e900000, 0x000000008e900000| Complete 
| 160|0x000000008ea00000, 0x000000008eb00000, 0x000000008eb00000|100%| E|CS|TAMS 0x000000008ea00000, 0x000000008ea00000| Complete 
| 161|0x000000008eb00000, 0x000000008ec00000, 0x000000008ec00000|100%| E|CS|TAMS 0x000000008eb00000, 0x000000008eb00000| Complete 
| 162|0x000000008ec00000, 0x000000008ed00000, 0x000000008ed00000|100%| E|CS|TAMS 0x000000008ec00000, 0x000000008ec00000| Complete 
| 163|0x000000008ed00000, 0x000000008ee00000, 0x000000008ee00000|100%| E|CS|TAMS 0x000000008ed00000, 0x000000008ed00000| Complete 
| 164|0x000000008ee00000, 0x000000008ef00000, 0x000000008ef00000|100%| E|CS|TAMS 0x000000008ee00000, 0x000000008ee00000| Complete 
| 165|0x000000008ef00000, 0x000000008f000000, 0x000000008f000000|100%| E|CS|TAMS 0x000000008ef00000, 0x000000008ef00000| Complete 
| 166|0x000000008f000000, 0x000000008f100000, 0x000000008f100000|100%| E|CS|TAMS 0x000000008f000000, 0x000000008f000000| Complete 
| 167|0x000000008f100000, 0x000000008f200000, 0x000000008f200000|100%| E|CS|TAMS 0x000000008f100000, 0x000000008f100000| Complete 
| 168|0x000000008f200000, 0x000000008f300000, 0x000000008f300000|100%| E|CS|TAMS 0x000000008f200000, 0x000000008f200000| Complete 
| 169|0x000000008f300000, 0x000000008f400000, 0x000000008f400000|100%| E|CS|TAMS 0x000000008f300000, 0x000000008f300000| Complete 
| 170|0x000000008f400000, 0x000000008f500000, 0x000000008f500000|100%| E|CS|TAMS 0x000000008f400000, 0x000000008f400000| Complete 
| 171|0x000000008f500000, 0x000000008f600000, 0x000000008f600000|100%| E|CS|TAMS 0x000000008f500000, 0x000000008f500000| Complete 
| 172|0x000000008f600000, 0x000000008f700000, 0x000000008f700000|100%| E|CS|TAMS 0x000000008f600000, 0x000000008f600000| Complete 
| 173|0x000000008f700000, 0x000000008f800000, 0x000000008f800000|100%| E|CS|TAMS 0x000000008f700000, 0x000000008f700000| Complete 
| 174|0x000000008f800000, 0x000000008f900000, 0x000000008f900000|100%| E|CS|TAMS 0x000000008f800000, 0x000000008f800000| Complete 
| 175|0x000000008f900000, 0x000000008fa00000, 0x000000008fa00000|100%| E|CS|TAMS 0x000000008f900000, 0x000000008f900000| Complete 
| 176|0x000000008fa00000, 0x000000008fb00000, 0x000000008fb00000|100%| E|CS|TAMS 0x000000008fa00000, 0x000000008fa00000| Complete 
| 177|0x000000008fb00000, 0x000000008fc00000, 0x000000008fc00000|100%| E|CS|TAMS 0x000000008fb00000, 0x000000008fb00000| Complete 
| 178|0x000000008fc00000, 0x000000008fd00000, 0x000000008fd00000|100%| E|CS|TAMS 0x000000008fc00000, 0x000000008fc00000| Complete 

Card table byte_map: [0x000001d998040000,0x000001d998420000] _byte_map_base: 0x000001d997c1b000

Marking Bits (Prev, Next): (CMBitMap*) 0x000001d9ffcf7630, (CMBitMap*) 0x000001d9ffcf75f8
 Prev Bits: [0x000001d99a6e0000, 0x000001d99c5b8000)
 Next Bits: [0x000001d998800000, 0x000001d99a6d8000)

Polling page: 0x000001d980000000

Metaspace:

Usage:
  Non-class:     60.48 MB capacity,    59.21 MB ( 98%) used,     1.03 MB (  2%) free+waste,   248.25 KB ( <1%) overhead. 
      Class:      9.65 MB capacity,     8.76 MB ( 91%) used,   783.17 KB (  8%) free+waste,   121.38 KB (  1%) overhead. 
       Both:     70.13 MB capacity,    67.98 MB ( 97%) used,     1.79 MB (  3%) free+waste,   369.63 KB ( <1%) overhead. 

Virtual space:
  Non-class space:       62.00 MB reserved,      60.51 MB ( 98%) committed 
      Class space:        1.00 GB reserved,       9.75 MB ( <1%) committed 
             Both:        1.06 GB reserved,      70.26 MB (  6%) committed 

Chunk freelists:
   Non-Class:  25.00 KB
       Class:  9.00 KB
        Both:  34.00 KB

MaxMetaspaceSize: 17179869184.00 GB
CompressedClassSpaceSize: 1.00 GB

CodeHeap 'non-profiled nmethods': size=238912Kb used=13303Kb max_used=13303Kb free=225608Kb
 bounds [0x000001d988ce0000, 0x000001d9899e0000, 0x000001d997630000]
CodeHeap 'non-nmethods': size=6848Kb used=2357Kb max_used=2357Kb free=4490Kb
 bounds [0x000001d988630000, 0x000001d9888a0000, 0x000001d988ce0000]
 total_blobs=8858 nmethods=7998 adapters=793
 compilation: enabled
              stopped_count=0, restarted_count=0
 full_count=0

Compilation events (20 events):
Event: 211.340 Thread 0x000001d99ec33000 7989       1       java.util.concurrent.Executors$RunnableAdapter::call (14 bytes)
Event: 211.340 Thread 0x000001d99ec33000 nmethod 7989 0x000001d9899daa10 code [0x000001d9899dabc0, 0x000001d9899daca8]
Event: 211.340 Thread 0x000001d99ec33000 7990       1       java.util.concurrent.ScheduledThreadPoolExecutor$ScheduledFutureTask::setNextRunTime (38 bytes)
Event: 211.341 Thread 0x000001d99ec33000 nmethod 7990 0x000001d9899dad10 code [0x000001d9899daec0, 0x000001d9899db088]
Event: 211.341 Thread 0x000001d99ec33000 7991       1       java.util.concurrent.ScheduledThreadPoolExecutor::reExecutePeriodic (49 bytes)
Event: 211.342 Thread 0x000001d99ec33000 nmethod 7991 0x000001d9899db190 code [0x000001d9899db3a0, 0x000001d9899db5a8]
Event: 212.321 Thread 0x000001d99ec33000 7992       1       java.util.concurrent.ScheduledThreadPoolExecutor$DelayedWorkQueue::siftDown (119 bytes)
Event: 212.321 Thread 0x000001d99ec33000 nmethod 7992 0x000001d9899db710 code [0x000001d9899db920, 0x000001d9899dbe58]
Event: 228.038 Thread 0x000001d99ec33000 7993       1       java.util.concurrent.locks.AbstractQueuedSynchronizer$ConditionObject::unlinkCancelledWaiters (67 bytes)
Event: 228.039 Thread 0x000001d99ec33000 nmethod 7993 0x000001d9899dc210 code [0x000001d9899dc3c0, 0x000001d9899dc638]
Event: 240.328 Thread 0x000001d99ec33000 7994       1       java.util.Collections$SetFromMap::iterator (10 bytes)
Event: 240.328 Thread 0x000001d99ec33000 nmethod 7994 0x000001d9899dc710 code [0x000001d9899dc8c0, 0x000001d9899dc9a8]
Event: 242.539 Thread 0x000001d99ec33000 7995       1       java.util.Date::<init> (8 bytes)
Event: 242.539 Thread 0x000001d99ec33000 nmethod 7995 0x000001d9899dca10 code [0x000001d9899dcbc0, 0x000001d9899dcc98]
Event: 248.246 Thread 0x000001d99ec33000 7996       1       org.apache.catalina.util.LifecycleBase::fireLifecycleEvent (56 bytes)
Event: 248.246 Thread 0x000001d99ec33000 nmethod 7996 0x000001d9899dcd10 code [0x000001d9899dcf00, 0x000001d9899dd278]
Event: 248.246 Thread 0x000001d99ec33000 7997       1       org.apache.catalina.LifecycleEvent::<init> (16 bytes)
Event: 248.246 Thread 0x000001d99ec33000 nmethod 7997 0x000001d9899dd410 code [0x000001d9899dd5e0, 0x000001d9899dd888]
Event: 248.247 Thread 0x000001d99ec33000 7998       1       org.apache.catalina.core.StandardContext::getThreadBindingListener (5 bytes)
Event: 248.247 Thread 0x000001d99ec33000 nmethod 7998 0x000001d9899dd990 code [0x000001d9899ddb40, 0x000001d9899ddbf8]

GC Heap History (20 events):
Event: 3.398 GC heap after
{Heap after GC invocations=4 (full 0):
 garbage-first heap   total 126976K, used 9179K [0x0000000084a00000, 0x0000000100000000)
  region size 1024K, 2 young (2048K), 2 survivors (2048K)
 Metaspace       used 15189K, capacity 15659K, committed 15872K, reserved 1062912K
  class space    used 1609K, capacity 1781K, committed 1792K, reserved 1048576K
}
Event: 4.407 GC heap before
{Heap before GC invocations=4 (full 0):
 garbage-first heap   total 126976K, used 34779K [0x0000000084a00000, 0x0000000100000000)
  region size 1024K, 29 young (29696K), 2 survivors (2048K)
 Metaspace       used 20459K, capacity 21187K, committed 21296K, reserved 1069056K
  class space    used 2384K, capacity 2671K, committed 2688K, reserved 1048576K
}
Event: 4.415 GC heap after
{Heap after GC invocations=5 (full 0):
 garbage-first heap   total 126976K, used 10886K [0x0000000084a00000, 0x0000000100000000)
  region size 1024K, 4 young (4096K), 4 survivors (4096K)
 Metaspace       used 20459K, capacity 21187K, committed 21296K, reserved 1069056K
  class space    used 2384K, capacity 2671K, committed 2688K, reserved 1048576K
}
Event: 5.601 GC heap before
{Heap before GC invocations=6 (full 0):
 garbage-first heap   total 126976K, used 65158K [0x0000000084a00000, 0x0000000100000000)
  region size 1024K, 58 young (59392K), 4 survivors (4096K)
 Metaspace       used 26855K, capacity 27789K, committed 28080K, reserved 1073152K
  class space    used 3156K, capacity 3532K, committed 3584K, reserved 1048576K
}
Event: 5.613 GC heap after
{Heap after GC invocations=7 (full 0):
 garbage-first heap   total 126976K, used 14361K [0x0000000084a00000, 0x0000000100000000)
  region size 1024K, 7 young (7168K), 7 survivors (7168K)
 Metaspace       used 26855K, capacity 27789K, committed 28080K, reserved 1073152K
  class space    used 3156K, capacity 3532K, committed 3584K, reserved 1048576K
}
Event: 6.213 GC heap before
{Heap before GC invocations=7 (full 0):
 garbage-first heap   total 126976K, used 81945K [0x0000000084a00000, 0x0000000100000000)
  region size 1024K, 74 young (75776K), 7 survivors (7168K)
 Metaspace       used 28601K, capacity 29632K, committed 29872K, reserved 1075200K
  class space    used 3387K, capacity 3803K, committed 3840K, reserved 1048576K
}
Event: 6.227 GC heap after
{Heap after GC invocations=8 (full 0):
 garbage-first heap   total 152576K, used 15836K [0x0000000084a00000, 0x0000000100000000)
  region size 1024K, 5 young (5120K), 5 survivors (5120K)
 Metaspace       used 28601K, capacity 29632K, committed 29872K, reserved 1075200K
  class space    used 3387K, capacity 3803K, committed 3840K, reserved 1048576K
}
Event: 7.602 GC heap before
{Heap before GC invocations=8 (full 0):
 garbage-first heap   total 152576K, used 85468K [0x0000000084a00000, 0x0000000100000000)
  region size 1024K, 74 young (75776K), 5 survivors (5120K)
 Metaspace       used 34503K, capacity 35834K, committed 35920K, reserved 1081344K
  class space    used 4279K, capacity 4853K, committed 4864K, reserved 1048576K
}
Event: 7.617 GC heap after
{Heap after GC invocations=9 (full 0):
 garbage-first heap   total 152576K, used 18871K [0x0000000084a00000, 0x0000000100000000)
  region size 1024K, 8 young (8192K), 8 survivors (8192K)
 Metaspace       used 34503K, capacity 35834K, committed 35920K, reserved 1081344K
  class space    used 4279K, capacity 4853K, committed 4864K, reserved 1048576K
}
Event: 7.859 GC heap before
{Heap before GC invocations=10 (full 0):
 garbage-first heap   total 152576K, used 98743K [0x0000000084a00000, 0x0000000100000000)
  region size 1024K, 87 young (89088K), 8 survivors (8192K)
 Metaspace       used 36124K, capacity 37470K, committed 37712K, reserved 1081344K
  class space    used 4437K, capacity 4993K, committed 5120K, reserved 1048576K
}
Event: 7.872 GC heap after
{Heap after GC invocations=11 (full 0):
 garbage-first heap   total 152576K, used 19825K [0x0000000084a00000, 0x0000000100000000)
  region size 1024K, 6 young (6144K), 6 survivors (6144K)
 Metaspace       used 36124K, capacity 37470K, committed 37712K, reserved 1081344K
  class space    used 4437K, capacity 4993K, committed 5120K, reserved 1048576K
}
Event: 10.184 GC heap before
{Heap before GC invocations=11 (full 0):
 garbage-first heap   total 152576K, used 103793K [0x0000000084a00000, 0x0000000100000000)
  region size 1024K, 89 young (91136K), 6 survivors (6144K)
 Metaspace       used 45790K, capacity 47299K, committed 47440K, reserved 1091584K
  class space    used 5765K, capacity 6346K, committed 6400K, reserved 1048576K
}
Event: 10.198 GC heap after
{Heap after GC invocations=12 (full 0):
 garbage-first heap   total 152576K, used 22470K [0x0000000084a00000, 0x0000000100000000)
  region size 1024K, 9 young (9216K), 9 survivors (9216K)
 Metaspace       used 45790K, capacity 47299K, committed 47440K, reserved 1091584K
  class space    used 5765K, capacity 6346K, committed 6400K, reserved 1048576K
}
Event: 12.295 GC heap before
{Heap before GC invocations=12 (full 0):
 garbage-first heap   total 152576K, used 104390K [0x0000000084a00000, 0x0000000100000000)
  region size 1024K, 89 young (91136K), 9 survivors (9216K)
 Metaspace       used 54940K, capacity 56494K, committed 56656K, reserved 1097728K
  class space    used 7063K, capacity 7677K, committed 7680K, reserved 1048576K
}
Event: 12.315 GC heap after
{Heap after GC invocations=13 (full 0):
 garbage-first heap   total 183296K, used 25224K [0x0000000084a00000, 0x0000000100000000)
  region size 1024K, 7 young (7168K), 7 survivors (7168K)
 Metaspace       used 54940K, capacity 56494K, committed 56656K, reserved 1097728K
  class space    used 7063K, capacity 7677K, committed 7680K, reserved 1048576K
}
Event: 13.072 GC heap before
{Heap before GC invocations=13 (full 0):
 garbage-first heap   total 183296K, used 68232K [0x0000000084a00000, 0x0000000100000000)
  region size 1024K, 50 young (51200K), 7 survivors (7168K)
 Metaspace       used 58288K, capacity 60111K, committed 60296K, reserved 1101824K
  class space    used 7504K, capacity 8236K, committed 8320K, reserved 1048576K
}
Event: 13.088 GC heap after
{Heap after GC invocations=14 (full 0):
 garbage-first heap   total 183296K, used 27171K [0x0000000084a00000, 0x0000000100000000)
  region size 1024K, 9 young (9216K), 9 survivors (9216K)
 Metaspace       used 58288K, capacity 60111K, committed 60296K, reserved 1101824K
  class space    used 7504K, capacity 8236K, committed 8320K, reserved 1048576K
}
Event: 121.547 GC heap before
{Heap before GC invocations=15 (full 0):
 garbage-first heap   total 183296K, used 126499K [0x0000000084a00000, 0x0000000100000000)
  region size 1024K, 107 young (109568K), 9 survivors (9216K)
 Metaspace       used 64741K, capacity 66714K, committed 66824K, reserved 1107968K
  class space    used 8383K, capacity 9147K, committed 9216K, reserved 1048576K
}
Event: 121.569 GC heap after
{Heap after GC invocations=16 (full 0):
 garbage-first heap   total 183296K, used 31820K [0x0000000084a00000, 0x0000000100000000)
  region size 1024K, 10 young (10240K), 10 survivors (10240K)
 Metaspace       used 64741K, capacity 66714K, committed 66824K, reserved 1107968K
  class space    used 8383K, capacity 9147K, committed 9216K, reserved 1048576K
}
Event: 258.248 GC heap before
{Heap before GC invocations=16 (full 0):
 garbage-first heap   total 183296K, used 133196K [0x0000000084a00000, 0x0000000100000000)
  region size 1024K, 107 young (109568K), 10 survivors (10240K)
 Metaspace       used 69608K, capacity 71814K, committed 71944K, reserved 1112064K
  class space    used 8974K, capacity 9879K, committed 9984K, reserved 1048576K
}

Deoptimization events (20 events):
Event: 153.468 Thread 0x000001d9a2e41800 DEOPT PACKING pc=0x000001d9897a782c sp=0x000000a4778fd750
Event: 153.468 Thread 0x000001d9a2e41800 DEOPT UNPACKING pc=0x000001d98866c1ce sp=0x000000a4778fcca8 mode 1
Event: 153.468 Thread 0x000001d9a2e41800 DEOPT PACKING pc=0x000001d98912d72c sp=0x000000a4778fd850
Event: 153.468 Thread 0x000001d9a2e41800 DEOPT UNPACKING pc=0x000001d98866c1ce sp=0x000000a4778fcd90 mode 1
Event: 153.470 Thread 0x000001d9a2e41800 DEOPT PACKING pc=0x000001d9897a782c sp=0x000000a4778fd750
Event: 153.470 Thread 0x000001d9a2e41800 DEOPT UNPACKING pc=0x000001d98866c1ce sp=0x000000a4778fcca8 mode 1
Event: 153.470 Thread 0x000001d9a2e41800 DEOPT PACKING pc=0x000001d98912d72c sp=0x000000a4778fd850
Event: 153.470 Thread 0x000001d9a2e41800 DEOPT UNPACKING pc=0x000001d98866c1ce sp=0x000000a4778fcd90 mode 1
Event: 153.489 Thread 0x000001d9a2e43000 DEOPT PACKING pc=0x000001d9897a782c sp=0x000000a477bfd2b0
Event: 153.489 Thread 0x000001d9a2e43000 DEOPT UNPACKING pc=0x000001d98866c1ce sp=0x000000a477bfc808 mode 1
Event: 153.489 Thread 0x000001d9a2e43000 DEOPT PACKING pc=0x000001d98912d72c sp=0x000000a477bfd3b0
Event: 153.489 Thread 0x000001d9a2e43000 DEOPT UNPACKING pc=0x000001d98866c1ce sp=0x000000a477bfc8f0 mode 1
Event: 153.490 Thread 0x000001d9a2e43000 DEOPT PACKING pc=0x000001d9897a782c sp=0x000000a477bfd2b0
Event: 153.490 Thread 0x000001d9a2e43000 DEOPT UNPACKING pc=0x000001d98866c1ce sp=0x000000a477bfc808 mode 1
Event: 153.490 Thread 0x000001d9a2e43000 DEOPT PACKING pc=0x000001d98912d72c sp=0x000000a477bfd3b0
Event: 153.490 Thread 0x000001d9a2e43000 DEOPT UNPACKING pc=0x000001d98866c1ce sp=0x000000a477bfc8f0 mode 1
Event: 153.492 Thread 0x000001d9a2e43000 DEOPT PACKING pc=0x000001d9897a782c sp=0x000000a477bfd2b0
Event: 153.492 Thread 0x000001d9a2e43000 DEOPT UNPACKING pc=0x000001d98866c1ce sp=0x000000a477bfc808 mode 1
Event: 153.492 Thread 0x000001d9a2e43000 DEOPT PACKING pc=0x000001d98912d72c sp=0x000000a477bfd3b0
Event: 153.492 Thread 0x000001d9a2e43000 DEOPT UNPACKING pc=0x000001d98866c1ce sp=0x000000a477bfc8f0 mode 1

Classes redefined (0 events):
No events

Internal exceptions (20 events):
Event: 152.204 Thread 0x000001d9a2e46800 Exception <a 'java/lang/ClassNotFoundException'{0x000000008be84b20}: org/thymeleaf/engine/HTMLAttributeDefinitionBeanInfo> (0x000000008be84b20) thrown at [./src/hotspot/share/classfile/systemDictionary.cpp, line 231]
Event: 152.206 Thread 0x000001d9a2e46800 Exception <a 'java/lang/ClassNotFoundException'{0x000000008be99e40}: org/thymeleaf/engine/AttributeDefinitionBeanInfo> (0x000000008be99e40) thrown at [./src/hotspot/share/classfile/systemDictionary.cpp, line 231]
Event: 152.208 Thread 0x000001d9a2e46800 Exception <a 'java/lang/ClassNotFoundException'{0x000000008beaf830}: org/thymeleaf/engine/AttributeDefinitionCustomizer> (0x000000008beaf830) thrown at [./src/hotspot/share/classfile/systemDictionary.cpp, line 231]
Event: 152.211 Thread 0x000001d9a2e46800 Exception <a 'java/lang/ClassNotFoundException'{0x000000008becb7c8}: org/thymeleaf/engine/HTMLAttributeDefinitionCustomizer> (0x000000008becb7c8) thrown at [./src/hotspot/share/classfile/systemDictionary.cpp, line 231]
Event: 152.219 Thread 0x000001d9a2e46800 Exception <a 'java/lang/ClassNotFoundException'{0x000000008bd180e0}: org/thymeleaf/engine/ElementModelStructureHandlerBeanInfo> (0x000000008bd180e0) thrown at [./src/hotspot/share/classfile/systemDictionary.cpp, line 231]
Event: 152.221 Thread 0x000001d9a2e46800 Exception <a 'java/lang/ClassNotFoundException'{0x000000008bd2d988}: org/thymeleaf/engine/ElementModelStructureHandlerCustomizer> (0x000000008bd2d988) thrown at [./src/hotspot/share/classfile/systemDictionary.cpp, line 231]
Event: 152.226 Thread 0x000001d9a2e46800 Exception <a 'java/lang/ClassNotFoundException'{0x000000008bc1ea38}: java/util/Collections$UnmodifiableRandomAccessListBeanInfo> (0x000000008bc1ea38) thrown at [./src/hotspot/share/classfile/systemDictionary.cpp, line 231]
Event: 152.228 Thread 0x000001d9a2e46800 Exception <a 'java/lang/ClassNotFoundException'{0x000000008bc24188}: java/util/Collections$UnmodifiableListBeanInfo> (0x000000008bc24188) thrown at [./src/hotspot/share/classfile/systemDictionary.cpp, line 231]
Event: 152.229 Thread 0x000001d9a2e46800 Exception <a 'java/lang/ClassNotFoundException'{0x000000008bc298c8}: java/util/Collections$UnmodifiableListCustomizer> (0x000000008bc298c8) thrown at [./src/hotspot/share/classfile/systemDictionary.cpp, line 231]
Event: 152.231 Thread 0x000001d9a2e46800 Exception <a 'java/lang/ClassNotFoundException'{0x000000008bc49020}: java/util/Collections$UnmodifiableRandomAccessListCustomizer> (0x000000008bc49020) thrown at [./src/hotspot/share/classfile/systemDictionary.cpp, line 231]
Event: 152.256 Thread 0x000001d9a2e46800 Exception <a 'java/lang/ClassNotFoundException'{0x000000008bce0f80}: org/thymeleaf/model/AttributeValueQuotesBeanInfo> (0x000000008bce0f80) thrown at [./src/hotspot/share/classfile/systemDictionary.cpp, line 231]
Event: 152.258 Thread 0x000001d9a2e46800 Exception <a 'java/lang/ClassNotFoundException'{0x000000008bcf6550}: org/thymeleaf/model/AttributeValueQuotesCustomizer> (0x000000008bcf6550) thrown at [./src/hotspot/share/classfile/systemDictionary.cpp, line 231]
Event: 152.263 Thread 0x000001d9a2e46800 Exception <a 'java/lang/ClassNotFoundException'{0x000000008bb2f7f8}: org/thymeleaf/engine/ElementTagStructureHandlerBeanInfo> (0x000000008bb2f7f8) thrown at [./src/hotspot/share/classfile/systemDictionary.cpp, line 231]
Event: 152.264 Thread 0x000001d9a2e46800 Exception <a 'java/lang/ClassNotFoundException'{0x000000008bb45158}: org/thymeleaf/engine/ElementTagStructureHandlerCustomizer> (0x000000008bb45158) thrown at [./src/hotspot/share/classfile/systemDictionary.cpp, line 231]
Event: 152.280 Thread 0x000001d9a2e46800 Exception <a 'java/lang/ClassNotFoundException'{0x000000008bbb2788}: org/thymeleaf/standard/expression/TextLiteralExpressionBeanInfo> (0x000000008bbb2788) thrown at [./src/hotspot/share/classfile/systemDictionary.cpp, line 231]
Event: 152.285 Thread 0x000001d9a2e46800 Exception <a 'java/lang/ClassNotFoundException'{0x000000008bbc94b0}: org/thymeleaf/standard/expression/TextLiteralExpressionCustomizer> (0x000000008bbc94b0) thrown at [./src/hotspot/share/classfile/systemDictionary.cpp, line 231]
Event: 152.374 Thread 0x000001d9a2e46800 Exception <a 'java/lang/ClassNotFoundException'{0x000000008bae9840}: nz/net/ultraq/thymeleaf/fragments/FragmentParameterVariableUpdaterBeanInfo> (0x000000008bae9840) thrown at [./src/hotspot/share/classfile/systemDictionary.cpp, line 231]
Event: 152.380 Thread 0x000001d9a2e46800 Exception <a 'java/lang/ClassNotFoundException'{0x000000008b902a50}: nz/net/ultraq/thymeleaf/fragments/FragmentParameterVariableUpdaterCustomizer> (0x000000008b902a50) thrown at [./src/hotspot/share/classfile/systemDictionary.cpp, line 231]
Event: 152.398 Thread 0x000001d9a2e46800 Exception <a 'java/lang/ClassNotFoundException'{0x000000008b8a3120}: org/codehaus/groovy/runtime/NullObjectBeanInfo> (0x000000008b8a3120) thrown at [./src/hotspot/share/classfile/systemDictionary.cpp, line 231]
Event: 152.414 Thread 0x000001d9a2e46800 Exception <a 'java/lang/ClassNotFoundException'{0x000000008b7e0b48}: org/codehaus/groovy/runtime/NullObjectCustomizer> (0x000000008b7e0b48) thrown at [./src/hotspot/share/classfile/systemDictionary.cpp, line 231]

Events (20 events):
Event: 152.494 loading class org/unbescape/html/HtmlEscapeSymbols$Reference done
Event: 152.497 loading class org/unbescape/html/HtmlEscapeSymbols$1
Event: 152.497 loading class org/unbescape/html/HtmlEscapeSymbols$1 done
Event: 152.517 loading class org/unbescape/html/Html5EscapeSymbolsInitializer
Event: 152.517 loading class org/unbescape/html/Html5EscapeSymbolsInitializer done
Event: 152.541 Executing VM operation: RevokeBias
Event: 152.541 Executing VM operation: RevokeBias done
Event: 152.565 Executing VM operation: RevokeBias
Event: 152.567 Executing VM operation: RevokeBias done
Event: 152.567 Executing VM operation: RevokeBias
Event: 152.568 Executing VM operation: RevokeBias done
Event: 152.583 Executing VM operation: RevokeBias
Event: 152.583 Executing VM operation: RevokeBias done
Event: 152.788 loading class org/thymeleaf/spring5/requestdata/RequestDataValueProcessorUtils
Event: 152.788 loading class org/thymeleaf/spring5/requestdata/RequestDataValueProcessorUtils done
Event: 152.788 loading class org/thymeleaf/spring5/context/SpringContextUtils
Event: 152.788 loading class org/thymeleaf/spring5/context/SpringContextUtils done
Event: 152.789 loading class org/thymeleaf/standard/util/StandardProcessorUtils
Event: 152.789 loading class org/thymeleaf/standard/util/StandardProcessorUtils done
Event: 258.248 Executing VM operation: G1CollectForAllocation


Dynamic libraries:
0x00007ff77d2a0000 - 0x00007ff77d2ad000 	C:\Users\lenovo\.jdks\corretto-11.0.10\bin\java.exe
0x00007ffb241b0000 - 0x00007ffb243a5000 	C:\WINDOWS\SYSTEM32\ntdll.dll
0x00007ffb22360000 - 0x00007ffb2241d000 	C:\WINDOWS\System32\KERNEL32.DLL
0x00007ffb21bc0000 - 0x00007ffb21e88000 	C:\WINDOWS\System32\KERNELBASE.dll
0x00007ffb22070000 - 0x00007ffb22170000 	C:\WINDOWS\System32\ucrtbase.dll
0x00007ffb1ede0000 - 0x00007ffb1edf7000 	C:\Users\lenovo\.jdks\corretto-11.0.10\bin\jli.dll
0x00007ffb23fa0000 - 0x00007ffb24140000 	C:\WINDOWS\System32\USER32.dll
0x00007ffb219f0000 - 0x00007ffb21a12000 	C:\WINDOWS\System32\win32u.dll
0x00007ffb24140000 - 0x00007ffb2416a000 	C:\WINDOWS\System32\GDI32.dll
0x00007ffb21ab0000 - 0x00007ffb21bbb000 	C:\WINDOWS\System32\gdi32full.dll
0x00007ffb22170000 - 0x00007ffb2220d000 	C:\WINDOWS\System32\msvcp_win.dll
0x00007ffb154f0000 - 0x00007ffb15505000 	C:\Users\lenovo\.jdks\corretto-11.0.10\bin\VCRUNTIME140.dll
0x00007ffb20c60000 - 0x00007ffb20efa000 	C:\WINDOWS\WinSxS\amd64_microsoft.windows.common-controls_6595b64144ccf1df_6.0.19041.844_none_ca00b6081b84eb1d\COMCTL32.dll
0x00007ffb22420000 - 0x00007ffb224be000 	C:\WINDOWS\System32\msvcrt.dll
0x00007ffb23d10000 - 0x00007ffb23d40000 	C:\WINDOWS\System32\IMM32.DLL
0x00007ffaf6550000 - 0x00007ffaf65eb000 	C:\Users\lenovo\.jdks\corretto-11.0.10\bin\msvcp140.dll
0x00007ffad9b60000 - 0x00007ffada6a7000 	C:\Users\lenovo\.jdks\corretto-11.0.10\bin\server\jvm.dll
0x00007ffb22210000 - 0x00007ffb222bc000 	C:\WINDOWS\System32\ADVAPI32.dll
0x00007ffb222c0000 - 0x00007ffb2235b000 	C:\WINDOWS\System32\sechost.dll
0x00007ffb23e60000 - 0x00007ffb23f8b000 	C:\WINDOWS\System32\RPCRT4.dll
0x00007ffb23f90000 - 0x00007ffb23f98000 	C:\WINDOWS\System32\PSAPI.DLL
0x00007ffb1c380000 - 0x00007ffb1c389000 	C:\WINDOWS\SYSTEM32\WSOCK32.dll
0x00007ffb23420000 - 0x00007ffb2348b000 	C:\WINDOWS\System32\WS2_32.dll
0x00007ffb14a10000 - 0x00007ffb14a37000 	C:\WINDOWS\SYSTEM32\WINMM.dll
0x00007ffb10e50000 - 0x00007ffb10e5a000 	C:\WINDOWS\SYSTEM32\VERSION.dll
0x00007ffb1ea20000 - 0x00007ffb1ea32000 	C:\WINDOWS\SYSTEM32\kernel.appcore.dll
0x00007ffb1f210000 - 0x00007ffb1f220000 	C:\Users\lenovo\.jdks\corretto-11.0.10\bin\verify.dll
0x00007ffb21360000 - 0x00007ffb21544000 	C:\WINDOWS\SYSTEM32\DBGHELP.DLL
0x00007ffb211a0000 - 0x00007ffb211cc000 	C:\WINDOWS\SYSTEM32\dbgcore.DLL
0x00007ffb21ff0000 - 0x00007ffb22070000 	C:\WINDOWS\System32\bcryptPrimitives.dll
0x00007ffb14570000 - 0x00007ffb14598000 	C:\Users\lenovo\.jdks\corretto-11.0.10\bin\java.dll
0x00007ffb1eff0000 - 0x00007ffb1effa000 	C:\Users\lenovo\.jdks\corretto-11.0.10\bin\jimage.dll
0x00007ffb0d000000 - 0x00007ffb0d038000 	C:\Users\lenovo\.jdks\corretto-11.0.10\bin\jdwp.dll
0x00007ffb154d0000 - 0x00007ffb154e7000 	C:\Users\lenovo\.jdks\corretto-11.0.10\bin\zip.dll
0x00007ffb23490000 - 0x00007ffb23bd2000 	C:\WINDOWS\System32\SHELL32.dll
0x00007ffb1f3a0000 - 0x00007ffb1fb31000 	C:\WINDOWS\SYSTEM32\windows.storage.dll
0x00007ffb22830000 - 0x00007ffb22b85000 	C:\WINDOWS\System32\combase.dll
0x00007ffb20bc0000 - 0x00007ffb20bec000 	C:\WINDOWS\SYSTEM32\Wldp.dll
0x00007ffb232e0000 - 0x00007ffb2338e000 	C:\WINDOWS\System32\SHCORE.dll
0x00007ffb22b90000 - 0x00007ffb22be5000 	C:\WINDOWS\System32\shlwapi.dll
0x00007ffb21830000 - 0x00007ffb2184f000 	C:\WINDOWS\SYSTEM32\profapi.dll
0x00007ffb19da0000 - 0x00007ffb19daa000 	C:\Users\lenovo\.jdks\corretto-11.0.10\bin\dt_socket.dll
0x00007ffb20a90000 - 0x00007ffb20afa000 	C:\WINDOWS\system32\mswsock.dll
0x00007ffb05510000 - 0x00007ffb05529000 	C:\Users\lenovo\.jdks\corretto-11.0.10\bin\net.dll
0x00007ffb1a7f0000 - 0x00007ffb1a8fb000 	C:\WINDOWS\SYSTEM32\WINHTTP.dll
0x00007ffb054f0000 - 0x00007ffb05502000 	C:\Users\lenovo\.jdks\corretto-11.0.10\bin\nio.dll
0x00007ffb20670000 - 0x00007ffb2073c000 	C:\WINDOWS\SYSTEM32\DNSAPI.dll
0x00007ffb20630000 - 0x00007ffb2066b000 	C:\WINDOWS\SYSTEM32\IPHLPAPI.DLL
0x00007ffb22610000 - 0x00007ffb22618000 	C:\WINDOWS\System32\NSI.dll
0x00007ffb15c30000 - 0x00007ffb15c3a000 	C:\Windows\System32\rasadhlp.dll
0x00007ffb1a570000 - 0x00007ffb1a5ef000 	C:\WINDOWS\System32\fwpuclnt.dll
0x00007ffb21a20000 - 0x00007ffb21a47000 	C:\WINDOWS\System32\bcrypt.dll
0x00007ffb18a20000 - 0x00007ffb18a29000 	C:\Users\lenovo\.jdks\corretto-11.0.10\bin\management.dll
0x00007ffb15450000 - 0x00007ffb1545b000 	C:\Users\lenovo\.jdks\corretto-11.0.10\bin\management_ext.dll
0x00007ffb21680000 - 0x00007ffb21698000 	C:\WINDOWS\SYSTEM32\CRYPTSP.dll
0x00007ffb20300000 - 0x00007ffb20334000 	C:\WINDOWS\system32\rsaenh.dll
0x00007ffb217f0000 - 0x00007ffb2181e000 	C:\WINDOWS\SYSTEM32\USERENV.dll
0x00007ffb20b80000 - 0x00007ffb20b8c000 	C:\WINDOWS\SYSTEM32\CRYPTBASE.dll
0x00007ffb1aa80000 - 0x00007ffb1aa97000 	C:\WINDOWS\SYSTEM32\dhcpcsvc6.DLL
0x00007ffb1a980000 - 0x00007ffb1a99d000 	C:\WINDOWS\SYSTEM32\dhcpcsvc.DLL
0x00007ffb0fb10000 - 0x00007ffb0fb27000 	C:\WINDOWS\system32\napinsp.dll
0x00007ffb0fa60000 - 0x00007ffb0fa7b000 	C:\WINDOWS\system32\pnrpnsp.dll
0x00007ffb0f910000 - 0x00007ffb0f925000 	C:\WINDOWS\system32\wshbth.dll
0x00007ffb1c750000 - 0x00007ffb1c76d000 	C:\WINDOWS\system32\NLAapi.dll
0x00007ffb0ee20000 - 0x00007ffb0ee32000 	C:\WINDOWS\System32\winrnr.dll

dbghelp: loaded successfully - version: 4.0.5 - missing functions: none
symbol engine: initialized successfully - sym options: 0x614 - pdb path: .;C:\Users\lenovo\.jdks\corretto-11.0.10\bin;C:\WINDOWS\SYSTEM32;C:\WINDOWS\WinSxS\amd64_microsoft.windows.common-controls_6595b64144ccf1df_6.0.19041.844_none_ca00b6081b84eb1d;C:\Users\lenovo\.jdks\corretto-11.0.10\bin\server

VM Arguments:
jvm_args: -agentlib:jdwp=transport=dt_socket,address=127.0.0.1:53627,suspend=y,server=n -XX:TieredStopAtLevel=1 -Xverify:none -Dspring.output.ansi.enabled=always -Dcom.sun.management.jmxremote -Dspring.jmx.enabled=true -Dspring.liveBeansView.mbeanDomain -Dspring.application.admin.enabled=true -Dfile.encoding=UTF-8 
java_command: com.kelompok1.dailyyou.DailyYouApplication
java_class_path (initial): C:\Users\lenovo\Documents\Mini Project Gen4\mini project\gen4-Daily-You\target\classes;C:\Users\lenovo\.m2\repository\org\slf4j\slf4j-api\1.7.30\slf4j-api-1.7.30.jar;C:\Users\lenovo\.m2\repository\org\springframework\boot\spring-boot-starter-thymeleaf\2.4.5\spring-boot-starter-thymeleaf-2.4.5.jar;C:\Users\lenovo\.m2\repository\org\springframework\boot\spring-boot-starter\2.4.5\spring-boot-starter-2.4.5.jar;C:\Users\lenovo\.m2\repository\org\springframework\boot\spring-boot-starter-logging\2.4.5\spring-boot-starter-logging-2.4.5.jar;C:\Users\lenovo\.m2\repository\ch\qos\logback\logback-classic\1.2.3\logback-classic-1.2.3.jar;C:\Users\lenovo\.m2\repository\ch\qos\logback\logback-core\1.2.3\logback-core-1.2.3.jar;C:\Users\lenovo\.m2\repository\org\apache\logging\log4j\log4j-to-slf4j\2.13.3\log4j-to-slf4j-2.13.3.jar;C:\Users\lenovo\.m2\repository\org\apache\logging\log4j\log4j-api\2.13.3\log4j-api-2.13.3.jar;C:\Users\lenovo\.m2\repository\org\slf4j\jul-to-slf4j\1.7.30\jul-to-slf4j-1.7.30.jar;C:\Users\lenovo\.m2\repository\jakarta\annotation\jakarta.annotation-api\1.3.5\jakarta.annotation-api-1.3.5.jar;C:\Users\lenovo\.m2\repository\org\yaml\snakeyaml\1.27\snakeyaml-1.27.jar;C:\Users\lenovo\.m2\repository\org\thymeleaf\thymeleaf-spring5\3.0.12.RELEASE\thymeleaf-spring5-3.0.12.RELEASE.jar;C:\Users\lenovo\.m2\repository\org\thymeleaf\extras\thymeleaf-extras-java8time\3.0.4.RELEASE\thymeleaf-extras-java8time-3.0.4.RELEASE.jar;C:\Users\lenovo\.m2\repository\org\springframework\boot\spring-boot-starter-web\2.4.5\spring-boot-starter-web-2.4.5.jar;C:\Users\lenovo\.m2\repository\org\springframework\boot\spring-boot-starter-json\2.4.5\spring-boot-starter-json-2.4.5.jar;C:\Users\lenovo\.m2\repository\com\fasterxml\jackson\core\jackson-databind\2.11.4\jackson-databind-2.11.4.jar;C:\Users\lenovo\.m2\repository\com\fasterxml\jackson\core\jackson-core\2.11.4\jackson-core-2.11.4.jar;C:\Users\lenovo\.m2\repository\com\fasterxml\jackson\datatype\jackson-datat
Launcher Type: SUN_STANDARD

[Global flags]
     bool BytecodeVerificationLocal                = false                                     {product} {command line}
     bool BytecodeVerificationRemote               = false                                     {product} {command line}
     intx CICompilerCount                          = 3                                         {product} {ergonomic}
     uint ConcGCThreads                            = 1                                         {product} {ergonomic}
     uint G1ConcRefinementThreads                  = 4                                         {product} {ergonomic}
   size_t G1HeapRegionSize                         = 1048576                                   {product} {ergonomic}
    uintx GCDrainStackTargetSize                   = 64                                        {product} {ergonomic}
   size_t InitialHeapSize                          = 130023424                                 {product} {ergonomic}
     bool ManagementServer                         = true                                      {product} {command line}
   size_t MarkStackSize                            = 4194304                                   {product} {ergonomic}
   size_t MaxHeapSize                              = 2069889024                                {product} {ergonomic}
   size_t MaxNewSize                               = 1241513984                                {product} {ergonomic}
   size_t MinHeapDeltaBytes                        = 1048576                                   {product} {ergonomic}
    uintx NonNMethodCodeHeapSize                   = 6973028                                {pd product} {ergonomic}
    uintx NonProfiledCodeHeapSize                  = 244685212                              {pd product} {ergonomic}
    uintx ProfiledCodeHeapSize                     = 0                                      {pd product} {ergonomic}
    uintx ReservedCodeCacheSize                    = 251658240                              {pd product} {ergonomic}
     bool SegmentedCodeCache                       = true                                      {product} {ergonomic}
     intx TieredStopAtLevel                        = 1                                         {product} {command line}
     bool UseCompressedClassPointers               = true                                 {lp64_product} {ergonomic}
     bool UseCompressedOops                        = true                                 {lp64_product} {ergonomic}
     bool UseG1GC                                  = true                                      {product} {ergonomic}
     bool UseLargePagesIndividualAllocation        = false                                  {pd product} {ergonomic}

Logging:
Log output configuration:
 #0: stdout all=warning uptime,level,tags
 #1: stderr all=off uptime,level,tags

Environment Variables:
JAVA_HOME=C:\PROGRA~1\Java\JDK18~1.0_2
PATH=C:\Program Files\Common Files\Oracle\Java\javapath;C:\WINDOWS\system32;C:\WINDOWS;C:\WINDOWS\System32\Wbem;C:\WINDOWS\System32\WindowsPowerShell\v1.0\;C:\Program Files\PostgreSQL\12\bin;C:\WINDOWS\System32\OpenSSH\;C:\Program Files\Git\cmd;C:\Program Files\nodejs\;C:\ProgramData\chocolatey\bin;C:\ProgramData\chocolatey\lib\maven\apache-maven-3.6.3\bin;C:\xampp\php;C:\composer;C:\Program Files\PuTTY\;C:\Program Files\Docker\Docker\resources\bin;C:\ProgramData\DockerDesktop\version-bin;C:\Users\lenovo\AppData\Local\Microsoft\WindowsApps;C:\Users\lenovo\AppData\Local\Programs\Microsoft VS Code\bin;C:\Users\lenovo\AppData\Roaming\npm;C:\Users\lenovo\AppData\Roaming\Composer\vendor\bin;C:\Program Files\PuTTY;C:\Program Files\PostgreSQL\12\bin;;C:\Users\lenovo\IntelliJ IDEA 2020.3.2\bin;
USERNAME=lenovo
OS=Windows_NT
PROCESSOR_IDENTIFIER=Intel64 Family 6 Model 61 Stepping 4, GenuineIntel



---------------  S Y S T E M  ---------------

OS: Windows 10 , 64 bit Build 19041 (10.0.19041.928)
OS uptime: 7 days 20:26 hours
Hyper-V role detected

CPU:total 4 (initial active 4) (2 cores per cpu, 2 threads per core) family 6 model 61 stepping 4 microcode 0x2f, cmov, cx8, fxsr, mmx, sse, sse2, sse3, ssse3, sse4.1, sse4.2, popcnt, avx, avx2, aes, clmul, erms, rtm, 3dnowpref, lzcnt, ht, tsc, tscinvbit, bmi1, bmi2, adx, fma

Memory: 4k page, system-wide physical 7888M (1519M free)
TotalPageFile size 13681M (AvailPageFile size 4089M)
current process WorkingSet (physical memory assigned to process): 311M, peak: 311M
current process commit charge ("private bytes"): 366M, peak: 366M

vm_info: OpenJDK 64-Bit Server VM (11.0.10+9-LTS) for windows-amd64 JRE (11.0.10+9-LTS), built on Jan 12 2021 22:37:55 by "Administrator" with MS VC++ 15.9 (VS2017)

END.
